help.are
social.are
rom.are
group.are
olc.hlp
limbo.are
thesden.are
elerin.are
immort.are
vice.are
draconia.are
drow.are
pyramid.are
arena.are
fnerra.are
area73.are
player.are
seaoffate.are
oak.are
dunluce.are
sdale.are
abbey.are
cove.are
bayou.are
fiery.are
swoods.are
courts.are
destiny.are
ebondown.are
unicorn.are
prairie.are
ambers.are
ship.are
syvin1.are
gauntlet.are
saiya.are
opposite.are
wastland.are
nreyth.are
chaos.are
dagath.are
free.are
ruins.are
speldest.are
ocean.are
haven.are
kayinn.are
fierfor.are
macohil.are
dryland.are
heavens.are
rises.are
adesert.are
weicloud.are
cloudcit.are
krathen.are
sjungle.are
misty.are
auvyron.are
soccer.are
merossa.are
lunar.are
orchard.are
sewers.are
muerte.are
ferry.are
minfield.are
stillh2o.are
taien.are
warped.are
lostcont.are
warpfulk.are
newbclan.are
area66.are
phalanx.are
barbaz.are
catacomb.are
babel.are
area74.are
area75.are
area76.are
area77.are
bazaar.are
area79.are
area83.are
area84.are
area81.are
$
